#
# There is insufficient memory for the Java Runtime Environment to continue.
# Native memory allocation (malloc) failed to allocate 835216 bytes for Chunk::new
# Possible reasons:
#   The system is out of physical RAM or swap space
#   The process is running with CompressedOops enabled, and the Java Heap may be blocking the growth of the native heap
# Possible solutions:
#   Reduce memory load on the system
#   Increase physical memory or swap space
#   Check if swap backing store is full
#   Decrease Java heap size (-Xmx/-Xms)
#   Decrease number of Java threads
#   Decrease Java thread stack sizes (-Xss)
#   Set larger code cache with -XX:ReservedCodeCacheSize=
#   JVM is running with Unscaled Compressed Oops mode in which the Java heap is
#     placed in the first 4GB address space. The Java Heap base address is the
#     maximum limit for the native heap growth. Please use -XX:HeapBaseMinAddress
#     to set the Java Heap base and to place the Java Heap above 4GB virtual address.
# This output file may be truncated or incomplete.
#
#  Out of Memory Error (allocation.cpp:389), pid=6428, tid=0x0000000000001f18
#
# JRE version: OpenJDK Runtime Environment (8.0_202-b03) (build 1.8.0_202-release-1483-b03)
# Java VM: OpenJDK 64-Bit Server VM (25.202-b03 mixed mode windows-amd64 compressed oops)
# Failed to write core dump. Minidumps are not enabled by default on client versions of Windows
#

---------------  T H R E A D  ---------------

Current thread (0x0000000015f9f000):  JavaThread "C2 CompilerThread1" daemon [_thread_in_native, id=7960, stack(0x0000000017700000,0x0000000017800000)]

Stack: [0x0000000017700000,0x0000000017800000]
[error occurred during error reporting (printing stack bounds), id 0xc0000005]

Native frames: (J=compiled Java code, j=interpreted, Vv=VM code, C=native code)


Current CompileTask:
C2: 257913 9759       4       java.lang.Class::privateGetMethodRecursive (130 bytes)


---------------  P R O C E S S  ---------------

Java Threads: ( => current thread )
  0x0000000017a68800 JavaThread "Cache worker for cache directory md-rule (C:\Users\Ronald\.gradle\caches\5.4.1\md-rule)" [_thread_new, id=8816, stack(0x0000000000000000,0x0000000000000000)]
  0x0000000017a61000 JavaThread "Cache worker for cache directory md-supplier (C:\Users\Ronald\.gradle\caches\5.4.1\md-supplier)" [_thread_blocked, id=7276, stack(0x000000001e480000,0x000000001e580000)]
  0x0000000017a62000 JavaThread "Cache worker for file hash cache (E:\MaterialDesign\.gradle\5.4.1\fileHashes)" [_thread_blocked, id=2928, stack(0x000000001a810000,0x000000001a910000)]
  0x0000000017a66800 JavaThread "Thread-56" [_thread_blocked, id=9576, stack(0x000000001a510000,0x000000001a610000)]
  0x0000000017a62800 JavaThread "Stdin handler" [_thread_blocked, id=5780, stack(0x000000001a410000,0x000000001a510000)]
  0x0000000017a65800 JavaThread "Asynchronous log dispatcher for DefaultDaemonConnection: socket connection from /127.0.0.1:56689 to /127.0.0.1:56749" [_thread_blocked, id=1756, stack(0x000000001a110000,0x000000001a210000)]
  0x0000000017a68000 JavaThread "Daemon worker Thread 3" [_thread_in_native, id=6312, stack(0x000000001a010000,0x000000001a110000)]
  0x0000000017a67000 JavaThread "Cancel handler" [_thread_blocked, id=5060, stack(0x00000000009f0000,0x0000000000af0000)]
  0x0000000017a60800 JavaThread "Handler for socket connection from /127.0.0.1:56689 to /127.0.0.1:56749" [_thread_in_native, id=2232, stack(0x00000000008d0000,0x00000000009d0000)]
  0x0000000017a65000 JavaThread "Daemon Thread 3" [_thread_blocked, id=5956, stack(0x00000000006c0000,0x00000000007c0000)]
  0x000000001b0a9000 JavaThread "Cache worker for file content cache (C:\Users\Ronald\.gradle\caches\5.4.1\fileContent)" [_thread_blocked, id=1028, stack(0x0000000021660000,0x0000000021760000)]
  0x000000001b0ae800 JavaThread "Memory manager" [_thread_blocked, id=4692, stack(0x0000000021140000,0x0000000021240000)]
  0x000000001b0ad000 JavaThread "Cache worker for execution history cache (C:\Users\Ronald\.gradle\caches\5.4.1\executionHistory)" [_thread_blocked, id=7964, stack(0x0000000020120000,0x0000000020220000)]
  0x0000000018ace800 JavaThread "Cache worker for journal cache (C:\Users\Ronald\.gradle\caches\journal-1)" [_thread_blocked, id=3788, stack(0x000000001ad10000,0x000000001ae10000)]
  0x0000000018ac7800 JavaThread "File lock request listener" [_thread_in_native, id=7464, stack(0x000000001ac10000,0x000000001ad10000)]
  0x0000000018acd000 JavaThread "Cache worker for file hash cache (C:\Users\Ronald\.gradle\caches\5.4.1\fileHashes)" [_thread_blocked, id=1104, stack(0x000000001a910000,0x000000001aa10000)]
  0x0000000017fdb800 JavaThread "Daemon periodic checks" [_thread_blocked, id=7776, stack(0x0000000019f10000,0x000000001a010000)]
  0x0000000018008800 JavaThread "Incoming local TCP Connector on port 56689" [_thread_in_native, id=888, stack(0x0000000019d10000,0x0000000019e10000)]
  0x00000000190c0000 JavaThread "Daemon health stats" [_thread_blocked, id=6192, stack(0x00000000196d0000,0x00000000197d0000)]
  0x0000000017926000 JavaThread "Service Thread" daemon [_thread_blocked, id=6284, stack(0x0000000017d00000,0x0000000017e00000)]
  0x0000000015fa7000 JavaThread "C1 CompilerThread2" daemon [_thread_blocked, id=7388, stack(0x0000000017800000,0x0000000017900000)]
=>0x0000000015f9f000 JavaThread "C2 CompilerThread1" daemon [_thread_in_native, id=7960, stack(0x0000000017700000,0x0000000017800000)]
  0x0000000015f9b800 JavaThread "C2 CompilerThread0" daemon [_thread_in_native, id=5988, stack(0x0000000017600000,0x0000000017700000)]
  0x0000000015f9a000 JavaThread "Attach Listener" daemon [_thread_blocked, id=4780, stack(0x0000000017500000,0x0000000017600000)]
  0x0000000015f99000 JavaThread "Signal Dispatcher" daemon [_thread_blocked, id=9404, stack(0x0000000017400000,0x0000000017500000)]
  0x000000000262b800 JavaThread "Finalizer" daemon [_thread_blocked, id=2272, stack(0x0000000017200000,0x0000000017300000)]
  0x0000000015f89000 JavaThread "Reference Handler" daemon [_thread_blocked, id=3668, stack(0x0000000017100000,0x0000000017200000)]
  0x000000000252d800 JavaThread "main" [_thread_blocked, id=1700, stack(0x00000000023e0000,0x00000000024e0000)]

Other Threads:
  0x0000000015f68000 VMThread [stack: 0x0000000017000000,0x0000000017100000] [id=4052]
  0x0000000017926800 WatcherThread [stack: 0x0000000017e00000,0x0000000017f00000] [id=9420]

VM state:not at safepoint (normal execution)

VM Mutex/Monitor currently owned by a thread: None

heap address: 0x00000000a0000000, size: 1536 MB, Compressed Oops mode: 32-bit
Narrow klass base: 0x0000000000000000, Narrow klass shift: 3
Compressed class space size: 1073741824 Address: 0x0000000100000000

Heap:
 PSYoungGen      total 183808K, used 109491K [0x00000000e0000000, 0x00000000ecb80000, 0x0000000100000000)
  eden space 164352K, 55% used [0x00000000e0000000,0x00000000e58b5080,0x00000000ea080000)
  from space 19456K, 95% used [0x00000000eb780000,0x00000000ec9b7eb0,0x00000000eca80000)
  to   space 22016K, 0% used [0x00000000ea080000,0x00000000ea080000,0x00000000eb600000)
 ParOldGen       total 145920K, used 30924K [0x00000000a0000000, 0x00000000a8e80000, 0x00000000e0000000)
  object space 145920K, 21% used [0x00000000a0000000,0x00000000a1e331b8,0x00000000a8e80000)
 Metaspace       used 68402K, capacity 70801K, committed 71000K, reserved 1110016K
  class space    used 9035K, capacity 9540K, committed 9600K, reserved 1048576K

Card table byte_map: [0x00000000119f0000,0x0000000011d00000] byte_map_base: 0x00000000114f0000

Marking Bits: (ParMarkBitMap*) 0x0000000060c59f30
 Begin Bits: [0x0000000012300000, 0x0000000013b00000)
 End Bits:   [0x0000000013b00000, 0x0000000015300000)

Polling page: 0x0000000000b80000

CodeCache: size=245760Kb used=26678Kb max_used=26722Kb free=219081Kb
 bounds [0x0000000002630000, 0x0000000004070000, 0x0000000011630000]
 total_blobs=9205 nmethods=8396 adapters=722
 compilation: enabled

Compilation events (10 events):
Event: 257.632 Thread 0x0000000015fa7000 9766   !   3       org.gradle.internal.operations.notify.BuildOperationNotificationBridge$Adapter::finished (116 bytes)
Event: 257.634 Thread 0x0000000015fa7000 nmethod 9766 0x000000000406ab50 code [0x000000000406aea0, 0x000000000406ce08]
Event: 257.636 Thread 0x0000000015fa7000 9767       1       org.gradle.api.attributes.Usage$Impl::immutable (3 bytes)
Event: 257.636 Thread 0x0000000015fa7000 nmethod 9767 0x0000000003837f50 code [0x00000000038380a0, 0x00000000038381b0]
Event: 257.637 Thread 0x0000000015fa7000 9768       3       org.gradle.internal.service.DefaultServiceRegistry::add (23 bytes)
Event: 257.638 Thread 0x0000000015fa7000 nmethod 9768 0x000000000305b650 code [0x000000000305b840, 0x000000000305c168]
Event: 257.642 Thread 0x0000000015fa7000 9770       3       java.util.Collections$UnmodifiableMap$UnmodifiableEntrySet$UnmodifiableEntry::getKey (10 bytes)
Event: 257.642 Thread 0x0000000015fa7000 nmethod 9770 0x0000000002c91290 code [0x0000000002c91400, 0x0000000002c91628]
Event: 257.644 Thread 0x0000000015fa7000 9771       3       java.util.Collections$UnmodifiableMap$UnmodifiableEntrySet$UnmodifiableEntry::getValue (10 bytes)
Event: 257.644 Thread 0x0000000015fa7000 nmethod 9771 0x0000000002f32a10 code [0x0000000002f32b80, 0x0000000002f32da8]

GC Heap History (10 events):
Event: 13.557 GC heap before
{Heap before GC invocations=13 (full 2):
 PSYoungGen      total 132608K, used 132592K [0x00000000e0000000, 0x00000000e9100000, 0x0000000100000000)
  eden space 120320K, 100% used [0x00000000e0000000,0x00000000e7580000,0x00000000e7580000)
  from space 12288K, 99% used [0x00000000e8500000,0x00000000e90fc048,0x00000000e9100000)
  to   space 13824K, 0% used [0x00000000e7600000,0x00000000e7600000,0x00000000e8380000)
 ParOldGen       total 99328K, used 18674K [0x00000000a0000000, 0x00000000a6100000, 0x00000000e0000000)
  object space 99328K, 18% used [0x00000000a0000000,0x00000000a123c8e8,0x00000000a6100000)
 Metaspace       used 55054K, capacity 56546K, committed 56576K, reserved 1097728K
  class space    used 7470K, capacity 7906K, committed 7936K, reserved 1048576K
Event: 13.587 GC heap after
Heap after GC invocations=13 (full 2):
 PSYoungGen      total 134656K, used 13807K [0x00000000e0000000, 0x00000000eb300000, 0x0000000100000000)
  eden space 120832K, 0% used [0x00000000e0000000,0x00000000e0000000,0x00000000e7600000)
  from space 13824K, 99% used [0x00000000e7600000,0x00000000e837bdb8,0x00000000e8380000)
  to   space 17408K, 0% used [0x00000000ea200000,0x00000000ea200000,0x00000000eb300000)
 ParOldGen       total 99328K, used 24180K [0x00000000a0000000, 0x00000000a6100000, 0x00000000e0000000)
  object space 99328K, 24% used [0x00000000a0000000,0x00000000a179d108,0x00000000a6100000)
 Metaspace       used 55054K, capacity 56546K, committed 56576K, reserved 1097728K
  class space    used 7470K, capacity 7906K, committed 7936K, reserved 1048576K
}
Event: 15.062 GC heap before
{Heap before GC invocations=14 (full 2):
 PSYoungGen      total 134656K, used 52574K [0x00000000e0000000, 0x00000000eb300000, 0x0000000100000000)
  eden space 120832K, 32% used [0x00000000e0000000,0x00000000e25dbc90,0x00000000e7600000)
  from space 13824K, 99% used [0x00000000e7600000,0x00000000e837bdb8,0x00000000e8380000)
  to   space 17408K, 0% used [0x00000000ea200000,0x00000000ea200000,0x00000000eb300000)
 ParOldGen       total 99328K, used 24180K [0x00000000a0000000, 0x00000000a6100000, 0x00000000e0000000)
  object space 99328K, 24% used [0x00000000a0000000,0x00000000a179d108,0x00000000a6100000)
 Metaspace       used 57398K, capacity 59015K, committed 59096K, reserved 1099776K
  class space    used 7788K, capacity 8192K, committed 8192K, reserved 1048576K
Event: 15.084 GC heap after
Heap after GC invocations=14 (full 2):
 PSYoungGen      total 164352K, used 15320K [0x00000000e0000000, 0x00000000eb880000, 0x0000000100000000)
  eden space 146944K, 0% used [0x00000000e0000000,0x00000000e0000000,0x00000000e8f80000)
  from space 17408K, 88% used [0x00000000ea200000,0x00000000eb0f6128,0x00000000eb300000)
  to   space 18944K, 0% used [0x00000000e8f80000,0x00000000e8f80000,0x00000000ea200000)
 ParOldGen       total 99328K, used 24188K [0x00000000a0000000, 0x00000000a6100000, 0x00000000e0000000)
  object space 99328K, 24% used [0x00000000a0000000,0x00000000a179f108,0x00000000a6100000)
 Metaspace       used 57398K, capacity 59015K, committed 59096K, reserved 1099776K
  class space    used 7788K, capacity 8192K, committed 8192K, reserved 1048576K
}
Event: 15.084 GC heap before
{Heap before GC invocations=15 (full 3):
 PSYoungGen      total 164352K, used 15320K [0x00000000e0000000, 0x00000000eb880000, 0x0000000100000000)
  eden space 146944K, 0% used [0x00000000e0000000,0x00000000e0000000,0x00000000e8f80000)
  from space 17408K, 88% used [0x00000000ea200000,0x00000000eb0f6128,0x00000000eb300000)
  to   space 18944K, 0% used [0x00000000e8f80000,0x00000000e8f80000,0x00000000ea200000)
 ParOldGen       total 99328K, used 24188K [0x00000000a0000000, 0x00000000a6100000, 0x00000000e0000000)
  object space 99328K, 24% used [0x00000000a0000000,0x00000000a179f108,0x00000000a6100000)
 Metaspace       used 57398K, capacity 59015K, committed 59096K, reserved 1099776K
  class space    used 7788K, capacity 8192K, committed 8192K, reserved 1048576K
Event: 15.414 GC heap after
Heap after GC invocations=15 (full 3):
 PSYoungGen      total 164352K, used 0K [0x00000000e0000000, 0x00000000eb880000, 0x0000000100000000)
  eden space 146944K, 0% used [0x00000000e0000000,0x00000000e0000000,0x00000000e8f80000)
  from space 17408K, 0% used [0x00000000ea200000,0x00000000ea200000,0x00000000eb300000)
  to   space 18944K, 0% used [0x00000000e8f80000,0x00000000e8f80000,0x00000000ea200000)
 ParOldGen       total 145920K, used 30908K [0x00000000a0000000, 0x00000000a8e80000, 0x00000000e0000000)
  object space 145920K, 21% used [0x00000000a0000000,0x00000000a1e2f1b8,0x00000000a8e80000)
 Metaspace       used 57398K, capacity 59015K, committed 59096K, reserved 1099776K
  class space    used 7788K, capacity 8192K, committed 8192K, reserved 1048576K
}
Event: 46.936 GC heap before
{Heap before GC invocations=16 (full 3):
 PSYoungGen      total 164352K, used 146944K [0x00000000e0000000, 0x00000000eb880000, 0x0000000100000000)
  eden space 146944K, 100% used [0x00000000e0000000,0x00000000e8f80000,0x00000000e8f80000)
  from space 17408K, 0% used [0x00000000ea200000,0x00000000ea200000,0x00000000eb300000)
  to   space 18944K, 0% used [0x00000000e8f80000,0x00000000e8f80000,0x00000000ea200000)
 ParOldGen       total 145920K, used 30908K [0x00000000a0000000, 0x00000000a8e80000, 0x00000000e0000000)
  object space 145920K, 21% used [0x00000000a0000000,0x00000000a1e2f1b8,0x00000000a8e80000)
 Metaspace       used 62150K, capacity 64291K, committed 64472K, reserved 1105920K
  class space    used 8390K, capacity 8911K, committed 8960K, reserved 1048576K
Event: 46.956 GC heap after
Heap after GC invocations=16 (full 3):
 PSYoungGen      total 165888K, used 13994K [0x00000000e0000000, 0x00000000eca80000, 0x0000000100000000)
  eden space 146944K, 0% used [0x00000000e0000000,0x00000000e0000000,0x00000000e8f80000)
  from space 18944K, 73% used [0x00000000e8f80000,0x00000000e9d2a800,0x00000000ea200000)
  to   space 19456K, 0% used [0x00000000eb780000,0x00000000eb780000,0x00000000eca80000)
 ParOldGen       total 145920K, used 30916K [0x00000000a0000000, 0x00000000a8e80000, 0x00000000e0000000)
  object space 145920K, 21% used [0x00000000a0000000,0x00000000a1e311b8,0x00000000a8e80000)
 Metaspace       used 62150K, capacity 64291K, committed 64472K, reserved 1105920K
  class space    used 8390K, capacity 8911K, committed 8960K, reserved 1048576K
}
Event: 165.282 GC heap before
{Heap before GC invocations=17 (full 3):
 PSYoungGen      total 165888K, used 160938K [0x00000000e0000000, 0x00000000eca80000, 0x0000000100000000)
  eden space 146944K, 100% used [0x00000000e0000000,0x00000000e8f80000,0x00000000e8f80000)
  from space 18944K, 73% used [0x00000000e8f80000,0x00000000e9d2a800,0x00000000ea200000)
  to   space 19456K, 0% used [0x00000000eb780000,0x00000000eb780000,0x00000000eca80000)
 ParOldGen       total 145920K, used 30916K [0x00000000a0000000, 0x00000000a8e80000, 0x00000000e0000000)
  object space 145920K, 21% used [0x00000000a0000000,0x00000000a1e311b8,0x00000000a8e80000)
 Metaspace       used 68004K, capacity 70337K, committed 70488K, reserved 1110016K
  class space    used 9025K, capacity 9528K, committed 9600K, reserved 1048576K
Event: 165.309 GC heap after
Heap after GC invocations=17 (full 3):
 PSYoungGen      total 183808K, used 18655K [0x00000000e0000000, 0x00000000ecb80000, 0x0000000100000000)
  eden space 164352K, 0% used [0x00000000e0000000,0x00000000e0000000,0x00000000ea080000)
  from space 19456K, 95% used [0x00000000eb780000,0x00000000ec9b7eb0,0x00000000eca80000)
  to   space 22016K, 0% used [0x00000000ea080000,0x00000000ea080000,0x00000000eb600000)
 ParOldGen       total 145920K, used 30924K [0x00000000a0000000, 0x00000000a8e80000, 0x00000000e0000000)
  object space 145920K, 21% used [0x00000000a0000000,0x00000000a1e331b8,0x00000000a8e80000)
 Metaspace       used 68004K, capacity 70337K, committed 70488K, reserved 1110016K
  class space    used 9025K, capacity 9528K, committed 9600K, reserved 1048576K
}

Deoptimization events (10 events):
Event: 169.851 Thread 0x0000000017a6b000 Uncommon trap: reason=unstable_if action=reinterpret pc=0x00000000031e043c method=java.util.concurrent.locks.AbstractQueuedSynchronizer.enq(Ljava/util/concurrent/locks/AbstractQueuedSynchronizer$Node;)Ljava/util/concurrent/locks/AbstractQueuedSynchronizer
Event: 171.856 Thread 0x0000000017a6e000 Uncommon trap: reason=predicate action=maybe_recompile pc=0x0000000003f62760 method=java.lang.String.regionMatches(ZILjava/lang/String;II)Z @ 63
Event: 172.210 Thread 0x0000000017a64000 Uncommon trap: reason=class_check action=maybe_recompile pc=0x0000000003b2fc2c method=com.google.common.collect.ImmutableMap.copyOf(Ljava/util/Map;)Lcom/google/common/collect/ImmutableMap; @ 49
Event: 172.210 Thread 0x0000000017a64000 Uncommon trap: reason=class_check action=maybe_recompile pc=0x0000000003b2cbc8 method=com.google.common.collect.Iterables.castOrCopyToCollection(Ljava/lang/Iterable;)Ljava/util/Collection; @ 1
Event: 172.429 Thread 0x0000000017a64000 Uncommon trap: reason=bimorphic action=maybe_recompile pc=0x00000000030f16f4 method=java.util.HashMap.removeNode(ILjava/lang/Object;Ljava/lang/Object;ZZ)Ljava/util/HashMap$Node; @ 143
Event: 172.436 Thread 0x0000000017a64000 Uncommon trap: reason=bimorphic action=maybe_recompile pc=0x0000000002fff128 method=java.util.HashMap.removeNode(ILjava/lang/Object;Ljava/lang/Object;ZZ)Ljava/util/HashMap$Node; @ 143
Event: 172.518 Thread 0x0000000017a60800 Uncommon trap: reason=class_check action=maybe_recompile pc=0x0000000003cd7c60 method=java.util.concurrent.LinkedBlockingQueue.poll(JLjava/util/concurrent/TimeUnit;)Ljava/lang/Object; @ 8
Event: 172.520 Thread 0x0000000017a65800 Uncommon trap: reason=unstable_if action=reinterpret pc=0x00000000034a52e4 method=com.esotericsoftware.kryo.io.Input.require(I)I @ 180
Event: 257.515 Thread 0x0000000017a65000 Uncommon trap: reason=class_check action=maybe_recompile pc=0x0000000003cd7c60 method=java.util.concurrent.LinkedBlockingQueue.poll(JLjava/util/concurrent/TimeUnit;)Ljava/lang/Object; @ 8
Event: 257.518 Thread 0x0000000017a60800 Uncommon trap: reason=class_check action=maybe_recompile pc=0x00000000030089a0 method=java.lang.reflect.Array.newInstance(Ljava/lang/Class;I)Ljava/lang/Object; @ 2

Classes redefined (0 events):
No events

Internal exceptions (10 events):
Event: 53.425 Thread 0x000000001857f000 Exception <a 'java/lang/NoSuchMethodError': <clinit>> (0x00000000e701cb78) thrown at [D:\src\AOSP-openjdk-cygwin\jdk8u\hotspot\src\share\vm\prims\jni.cpp, line 1614]
Event: 53.426 Thread 0x000000001857f000 Exception <a 'java/lang/NoSuchMethodError': <clinit>> (0x00000000e7028310) thrown at [D:\src\AOSP-openjdk-cygwin\jdk8u\hotspot\src\share\vm\prims\jni.cpp, line 1614]
Event: 53.427 Thread 0x000000001857f000 Exception <a 'java/lang/NoSuchMethodError': <clinit>> (0x00000000e7034a20) thrown at [D:\src\AOSP-openjdk-cygwin\jdk8u\hotspot\src\share\vm\prims\jni.cpp, line 1614]
Event: 53.431 Thread 0x000000001857f000 Exception <a 'java/lang/NoSuchMethodError': <clinit>> (0x00000000e704da48) thrown at [D:\src\AOSP-openjdk-cygwin\jdk8u\hotspot\src\share\vm\prims\jni.cpp, line 1614]
Event: 53.433 Thread 0x000000001857f000 Exception <a 'java/lang/NoSuchMethodError': <clinit>> (0x00000000e705e638) thrown at [D:\src\AOSP-openjdk-cygwin\jdk8u\hotspot\src\share\vm\prims\jni.cpp, line 1614]
Event: 163.860 Thread 0x0000000017a64000 Implicit null exception at 0x000000000305776f to 0x000000000305780d
Event: 164.956 Thread 0x0000000017a64000 Implicit null exception at 0x0000000003957604 to 0x000000000395813d
Event: 164.957 Thread 0x0000000017a64000 Implicit null exception at 0x00000000029b809f to 0x00000000029b8551
Event: 165.873 Thread 0x0000000017a64000 Implicit null exception at 0x0000000003bc0da2 to 0x0000000003bc3021
Event: 172.339 Thread 0x0000000017a64000 Exception <a 'sun/nio/fs/WindowsException'> (0x00000000e5046f48) thrown at [D:\src\AOSP-openjdk-cygwin\jdk8u\hotspot\src\share\vm\prims\jni.cpp, line 710]

Events (10 events):
Event: 257.630 Thread 0x0000000015fa7000 flushing nmethod 0x000000000349b450
Event: 257.634 Thread 0x0000000015fa7000 flushing nmethod 0x0000000003727750
Event: 257.635 Thread 0x0000000015fa7000 flushing nmethod 0x0000000003837f50
Event: 257.636 Thread 0x0000000015fa7000 flushing nmethod 0x0000000003895a90
Event: 257.636 Thread 0x0000000015fa7000 flushing nmethod 0x00000000038ee0d0
Event: 257.636 Thread 0x0000000015fa7000 flushing nmethod 0x00000000038f26d0
Event: 257.636 Thread 0x0000000015fa7000 flushing nmethod 0x00000000039571d0
Event: 257.639 Thread 0x0000000015fa7000 flushing nmethod 0x0000000003af40d0
Event: 257.648 Thread 0x0000000017a61000 Thread added: 0x0000000017a61000
Event: 257.813 Thread 0x0000000017a68800 Thread added: 0x0000000017a68800


Dynamic libraries:
0x00007ff6357e0000 - 0x00007ff635811000 	C:\Program Files\Android\Android Studio\jre\bin\java.exe
0x00007ffde05f0000 - 0x00007ffde07b2000 	C:\Windows\SYSTEM32\ntdll.dll
0x00007ffde0510000 - 0x00007ffde05bd000 	C:\Windows\system32\KERNEL32.DLL
0x00007ffddd470000 - 0x00007ffddd64d000 	C:\Windows\system32\KERNELBASE.dll
0x00007ffdddf00000 - 0x00007ffdddfa6000 	C:\Windows\system32\ADVAPI32.dll
0x00007ffddef30000 - 0x00007ffddefcd000 	C:\Windows\system32\msvcrt.dll
0x00007ffddec40000 - 0x00007ffddec9b000 	C:\Windows\system32\sechost.dll
0x00007ffdde390000 - 0x00007ffdde4b6000 	C:\Windows\system32\RPCRT4.dll
0x00007ffdde240000 - 0x00007ffdde38e000 	C:\Windows\system32\USER32.dll
0x00007ffdde4c0000 - 0x00007ffdde643000 	C:\Windows\system32\GDI32.dll
0x00007ffdcfd20000 - 0x00007ffdcff94000 	C:\Windows\WinSxS\amd64_microsoft.windows.common-controls_6595b64144ccf1df_6.0.10240.17184_none_f41d7a705752bce6\COMCTL32.dll
0x00007ffddec00000 - 0x00007ffddec36000 	C:\Windows\system32\IMM32.DLL
0x00007ffdde650000 - 0x00007ffdde7ac000 	C:\Windows\system32\MSCTF.dll
0x00000000602d0000 - 0x00000000603a2000 	C:\Program Files\Android\Android Studio\jre\jre\bin\msvcr100.dll
0x0000000060490000 - 0x0000000060cd6000 	C:\Program Files\Android\Android Studio\jre\jre\bin\server\jvm.dll
0x00007ffde0500000 - 0x00007ffde0508000 	C:\Windows\system32\PSAPI.DLL
0x00007ffddb640000 - 0x00007ffddb663000 	C:\Windows\SYSTEM32\WINMM.dll
0x00007ffdd45b0000 - 0x00007ffdd45ba000 	C:\Windows\SYSTEM32\VERSION.dll
0x00007ffddad70000 - 0x00007ffddad79000 	C:\Windows\SYSTEM32\WSOCK32.dll
0x00007ffdded10000 - 0x00007ffdded79000 	C:\Windows\system32\WS2_32.dll
0x00007ffdde080000 - 0x00007ffdde088000 	C:\Windows\system32\NSI.dll
0x00007ffddaea0000 - 0x00007ffddaecc000 	C:\Windows\SYSTEM32\WINMMBASE.dll
0x00007ffddd130000 - 0x00007ffddd174000 	C:\Windows\system32\cfgmgr32.dll
0x00007ffddb960000 - 0x00007ffddb987000 	C:\Windows\SYSTEM32\DEVOBJ.dll
0x00007ffdda980000 - 0x00007ffdda98f000 	C:\Program Files\Android\Android Studio\jre\jre\bin\verify.dll
0x00007ffdda950000 - 0x00007ffdda979000 	C:\Program Files\Android\Android Studio\jre\jre\bin\java.dll
0x00007ffdd98a0000 - 0x00007ffdd98b6000 	C:\Program Files\Android\Android Studio\jre\jre\bin\zip.dll
0x00007ffddefd0000 - 0x00007ffde04f3000 	C:\Windows\system32\SHELL32.dll
0x00007ffddd650000 - 0x00007ffdddc79000 	C:\Windows\system32\windows.storage.dll
0x00007ffdde980000 - 0x00007ffddebfc000 	C:\Windows\system32\combase.dll
0x00007ffdded80000 - 0x00007ffddedd1000 	C:\Windows\system32\shlwapi.dll
0x00007ffddd050000 - 0x00007ffddd05f000 	C:\Windows\system32\kernel.appcore.dll
0x00007ffddd350000 - 0x00007ffddd403000 	C:\Windows\system32\shcore.dll
0x00007ffddcfe0000 - 0x00007ffddd02a000 	C:\Windows\system32\powrprof.dll
0x00007ffddd030000 - 0x00007ffddd043000 	C:\Windows\system32\profapi.dll
0x00007ffdd9880000 - 0x00007ffdd989a000 	C:\Program Files\Android\Android Studio\jre\jre\bin\net.dll
0x00007ffddc7f0000 - 0x00007ffddc84d000 	C:\Windows\system32\mswsock.dll
0x00007ffdd9860000 - 0x00007ffdd9871000 	C:\Program Files\Android\Android Studio\jre\jre\bin\nio.dll
0x00007ffdcc9f0000 - 0x00007ffdcca16000 	C:\Users\Ronald\.gradle\native\29\windows-amd64\native-platform.dll
0x00007ffdda3c0000 - 0x00007ffdda3cd000 	C:\Program Files\Android\Android Studio\jre\jre\bin\management.dll
0x00007ffddc850000 - 0x00007ffddc867000 	C:\Windows\SYSTEM32\CRYPTSP.dll
0x00007ffddcf10000 - 0x00007ffddcf38000 	C:\Windows\SYSTEM32\bcrypt.dll
0x00007ffddc4a0000 - 0x00007ffddc4d3000 	C:\Windows\system32\rsaenh.dll
0x00007ffddc590000 - 0x00007ffddc5af000 	C:\Windows\SYSTEM32\USERENV.dll
0x00007ffddcda0000 - 0x00007ffddce0b000 	C:\Windows\system32\bcryptprimitives.dll
0x00007ffddc9a0000 - 0x00007ffddc9ab000 	C:\Windows\SYSTEM32\CRYPTBASE.dll
0x00007ffddaac0000 - 0x00007ffddaaf8000 	C:\Windows\SYSTEM32\IPHLPAPI.DLL
0x00007ffddaaa0000 - 0x00007ffddaaab000 	C:\Windows\SYSTEM32\WINNSI.DLL
0x00007ffdd6fd0000 - 0x00007ffdd6fe6000 	C:\Windows\SYSTEM32\dhcpcsvc6.DLL
0x00007ffdd6fb0000 - 0x00007ffdd6fca000 	C:\Windows\SYSTEM32\dhcpcsvc.DLL

VM Arguments:
jvm_args: -Xmx1536m -Dfile.encoding=windows-1252 -Duser.country=CO -Duser.language=es -Duser.variant 
java_command: org.gradle.launcher.daemon.bootstrap.GradleDaemon 5.4.1
java_class_path (initial): C:\Users\Ronald\.gradle\wrapper\dists\gradle-5.4.1-all\3221gyojl5jsh0helicew7rwx\gradle-5.4.1\lib\gradle-launcher-5.4.1.jar
Launcher Type: SUN_STANDARD

Environment Variables:
PATH=C:\Program Files (x86)\Common Files\Oracle\Java\javapath;C:\Windows\system32;C:\Windows;C:\Windows\System32\Wbem;C:\Windows\System32\WindowsPowerShell\v1.0\;C:\Program Files\Git\cmd
USERNAME=Ronald
OS=Windows_NT
PROCESSOR_IDENTIFIER=Intel64 Family 6 Model 58 Stepping 9, GenuineIntel



---------------  S Y S T E M  ---------------

OS: Windows 10.0 , 64 bit Build 10240 (10.0.10240.17113)

CPU:total 4 (initial active 4) (2 cores per cpu, 2 threads per core) family 6 model 58 stepping 9, cmov, cx8, fxsr, mmx, sse, sse2, sse3, ssse3, sse4.1, sse4.2, popcnt, avx, aes, clmul, erms, ht, tsc, tscinvbit, tscinv

Memory: 4k page, physical 8164892k(3193196k free), swap 33330716k(5348k free)

vm_info: OpenJDK 64-Bit Server VM (25.202-b03) for windows-amd64 JRE (1.8.0_202-release-1483-b03), built by "builder" with MS VC++ 10.0 (VS2010)

time: Fri Oct 04 11:44:48 2019
timezone: Hora est. Pacífico, Sudamérica
elapsed time: 257 seconds (0d 0h 4m 17s)

